<?xml version="1.0" encoding="UTF-8"?>
<!-- Generated by org.testng.reporters.JUnitXMLReporter -->
<testsuite ignored="0" hostname="LAPTOP-045AM8D9" failures="0" tests="9" name="Test-Results-Demo" time="137.394" errors="0" timestamp="2024-09-13T09:55:08 WIB">
  <testcase classname="com.juaracoding.Tokopedia_Selenium.impl.LoginNegativeSteps" name="LoginNegative_Invalid_Password" time="10.404"/>
  <testcase classname="com.juaracoding.Tokopedia_Selenium.impl.SearchProductNegativeSteps" name="Search_Positive_Products" time="3.798"/>
  <testcase classname="com.juaracoding.Tokopedia_Selenium.impl.SearchProductNegativeSteps" name="Search_Positive_Products" time="3.708"/>
  <testcase classname="com.juaracoding.Tokopedia_Selenium.impl.SearchProductNegativeSteps" name="Search_Positive_Products" time="3.564"/>
  <testcase classname="com.juaracoding.Tokopedia_Selenium.impl.SearchProductNegativeSteps" name="Search_Positive_Products" time="3.516"/>
  <testcase classname="com.juaracoding.Tokopedia_Selenium.impl.SearchProductNegativeSteps" name="Search_Positive_Products" time="3.886"/>
  <testcase classname="com.juaracoding.Tokopedia_Selenium.impl.SearchProductPositiveSteps" name="Search_Positive_Products" time="4.246"/>
  <testcase classname="com.juaracoding.Tokopedia_Selenium.impl.SearchProductPositiveSteps" name="Search_Positive_Products" time="3.781"/>
  <testcase classname="com.juaracoding.Tokopedia_Selenium.impl.SearchProductPositiveSteps" name="Search_Positive_Products" time="3.769"/>
</testsuite> <!-- Test-Results-Demo -->
