<?xml version="1.0" encoding="UTF-8"?>
<!-- Generated by org.testng.reporters.JUnitReportReporter -->
<testsuite hostname="LAPTOP-045AM8D9" failures="0" tests="1" name="com.juaracoding.Tokopedia_Selenium.impl.SearchProductNegativeSteps" time="10.905" errors="0" timestamp="2024-09-13T08:59:47 WIB" skipped="0">
  <testcase classname="com.juaracoding.Tokopedia_Selenium.impl.SearchProductNegativeSteps" name="Search_Positive_Products" time="10.905"/>
  <system-out/>
</testsuite> <!-- com.juaracoding.Tokopedia_Selenium.impl.SearchProductNegativeSteps -->
