<?xml version="1.0" encoding="UTF-8"?>
<!-- Generated by org.testng.reporters.JUnitReportReporter -->
<testsuite hostname="LAPTOP-045AM8D9" failures="0" tests="5" name="com.juaracoding.Tokopedia_Selenium.impl.SearchProductNegativeSteps" time="51.619" errors="0" timestamp="2024-09-13T09:13:58 WIB" skipped="0">
  <testcase classname="com.juaracoding.Tokopedia_Selenium.impl.SearchProductNegativeSteps" name="Search_Positive_Products" time="10.254"/>
  <system-out/>
  <testcase classname="com.juaracoding.Tokopedia_Selenium.impl.SearchProductNegativeSteps" name="Search_Positive_Products" time="10.304"/>
  <system-out/>
  <testcase classname="com.juaracoding.Tokopedia_Selenium.impl.SearchProductNegativeSteps" name="Search_Positive_Products" time="10.760"/>
  <system-out/>
  <testcase classname="com.juaracoding.Tokopedia_Selenium.impl.SearchProductNegativeSteps" name="Search_Positive_Products" time="10.397"/>
  <system-out/>
  <testcase classname="com.juaracoding.Tokopedia_Selenium.impl.SearchProductNegativeSteps" name="Search_Positive_Products" time="9.904"/>
  <system-out/>
</testsuite> <!-- com.juaracoding.Tokopedia_Selenium.impl.SearchProductNegativeSteps -->
