<?xml version="1.0" encoding="UTF-8"?>
<!-- Generated by org.testng.reporters.JUnitReportReporter -->
<testsuite hostname="LAPTOP-045AM8D9" failures="0" tests="3" name="com.juaracoding.Tokopedia_Selenium.impl.SearchProductPositiveSteps" time="30.875" errors="0" timestamp="2024-09-13T09:13:58 WIB" skipped="0">
  <testcase classname="com.juaracoding.Tokopedia_Selenium.impl.SearchProductPositiveSteps" name="Search_Positive_Products" time="10.313"/>
  <system-out/>
  <testcase classname="com.juaracoding.Tokopedia_Selenium.impl.SearchProductPositiveSteps" name="Search_Positive_Products" time="10.260"/>
  <system-out/>
  <testcase classname="com.juaracoding.Tokopedia_Selenium.impl.SearchProductPositiveSteps" name="Search_Positive_Products" time="10.302"/>
  <system-out/>
</testsuite> <!-- com.juaracoding.Tokopedia_Selenium.impl.SearchProductPositiveSteps -->
