<?xml version="1.0" encoding="UTF-8"?>
<!-- Generated by org.testng.reporters.JUnitReportReporter -->
<testsuite hostname="LAPTOP-045AM8D9" failures="0" tests="1" name="com.juaracoding.Tokopedia_Selenium.impl.LoginNegativeSteps" time="17.170" errors="0" timestamp="2024-09-13T09:13:58 WIB" skipped="0">
  <testcase classname="com.juaracoding.Tokopedia_Selenium.impl.LoginNegativeSteps" name="LoginNegative_Invalid_Password" time="17.170"/>
  <system-out/>
</testsuite> <!-- com.juaracoding.Tokopedia_Selenium.impl.LoginNegativeSteps -->
