<?xml version="1.0" encoding="UTF-8"?>
<!-- Generated by org.testng.reporters.JUnitReportReporter -->
<testsuite hostname="LAPTOP-045AM8D9" failures="0" tests="5" name="com.juaracoding.Tokopedia_Selenium.impl.SearchProductNegativeSteps" time="70.680" errors="0" timestamp="2024-09-13T09:55:08 WIB" skipped="0">
  <testcase classname="com.juaracoding.Tokopedia_Selenium.impl.SearchProductNegativeSteps" name="Search_Positive_Products" time="13.741"/>
  <system-out/>
  <testcase classname="com.juaracoding.Tokopedia_Selenium.impl.SearchProductNegativeSteps" name="Search_Positive_Products" time="14.665"/>
  <system-out/>
  <testcase classname="com.juaracoding.Tokopedia_Selenium.impl.SearchProductNegativeSteps" name="Search_Positive_Products" time="15.178"/>
  <system-out/>
  <testcase classname="com.juaracoding.Tokopedia_Selenium.impl.SearchProductNegativeSteps" name="Search_Positive_Products" time="13.700"/>
  <system-out/>
  <testcase classname="com.juaracoding.Tokopedia_Selenium.impl.SearchProductNegativeSteps" name="Search_Positive_Products" time="13.396"/>
  <system-out/>
</testsuite> <!-- com.juaracoding.Tokopedia_Selenium.impl.SearchProductNegativeSteps -->
