<?xml version="1.0" encoding="UTF-8"?>
<!-- Generated by org.testng.reporters.JUnitReportReporter -->
<testsuite hostname="LAPTOP-045AM8D9" failures="0" tests="5" name="com.juaracoding.Tokopedia_Selenium.impl.SearchProductNegativeSteps" time="56.163" errors="0" timestamp="2024-09-13T09:17:38 WIB" skipped="0">
  <testcase classname="com.juaracoding.Tokopedia_Selenium.impl.SearchProductNegativeSteps" name="Search_Positive_Products" time="10.811"/>
  <system-out/>
  <testcase classname="com.juaracoding.Tokopedia_Selenium.impl.SearchProductNegativeSteps" name="Search_Positive_Products" time="11.060"/>
  <system-out/>
  <testcase classname="com.juaracoding.Tokopedia_Selenium.impl.SearchProductNegativeSteps" name="Search_Positive_Products" time="12.465"/>
  <system-out/>
  <testcase classname="com.juaracoding.Tokopedia_Selenium.impl.SearchProductNegativeSteps" name="Search_Positive_Products" time="10.962"/>
  <system-out/>
  <testcase classname="com.juaracoding.Tokopedia_Selenium.impl.SearchProductNegativeSteps" name="Search_Positive_Products" time="10.865"/>
  <system-out/>
</testsuite> <!-- com.juaracoding.Tokopedia_Selenium.impl.SearchProductNegativeSteps -->
