<?xml version="1.0" encoding="UTF-8"?>
<!-- Generated by org.testng.reporters.JUnitXMLReporter -->
<testsuite ignored="0" hostname="LAPTOP-045AM8D9" failures="0" tests="9" name="Test-Results-Demo" time="109.957" errors="0" timestamp="2024-09-13T09:17:38 WIB">
  <testcase classname="com.juaracoding.Tokopedia_Selenium.impl.LoginNegativeSteps" name="LoginNegative_Invalid_Password" time="9.554"/>
  <testcase classname="com.juaracoding.Tokopedia_Selenium.impl.SearchProductNegativeSteps" name="Search_Positive_Products" time="3.603"/>
  <testcase classname="com.juaracoding.Tokopedia_Selenium.impl.SearchProductNegativeSteps" name="Search_Positive_Products" time="3.524"/>
  <testcase classname="com.juaracoding.Tokopedia_Selenium.impl.SearchProductNegativeSteps" name="Search_Positive_Products" time="3.467"/>
  <testcase classname="com.juaracoding.Tokopedia_Selenium.impl.SearchProductNegativeSteps" name="Search_Positive_Products" time="3.508"/>
  <testcase classname="com.juaracoding.Tokopedia_Selenium.impl.SearchProductNegativeSteps" name="Search_Positive_Products" time="3.41"/>
  <testcase classname="com.juaracoding.Tokopedia_Selenium.impl.SearchProductPositiveSteps" name="Search_Positive_Products" time="3.444"/>
  <testcase classname="com.juaracoding.Tokopedia_Selenium.impl.SearchProductPositiveSteps" name="Search_Positive_Products" time="3.481"/>
  <testcase classname="com.juaracoding.Tokopedia_Selenium.impl.SearchProductPositiveSteps" name="Search_Positive_Products" time="3.433"/>
</testsuite> <!-- Test-Results-Demo -->
