<?xml version="1.0" encoding="UTF-8"?>
<!-- Generated by org.testng.reporters.JUnitXMLReporter -->
<testsuite ignored="0" hostname="LAPTOP-045AM8D9" failures="0" tests="9" name="Test-Results-Demo" time="99.732" errors="0" timestamp="2024-09-13T09:13:58 WIB">
  <testcase classname="com.juaracoding.Tokopedia_Selenium.impl.LoginNegativeSteps" name="LoginNegative_Invalid_Password" time="9.545"/>
  <testcase classname="com.juaracoding.Tokopedia_Selenium.impl.SearchProductNegativeSteps" name="Search_Positive_Products" time="3.482"/>
  <testcase classname="com.juaracoding.Tokopedia_Selenium.impl.SearchProductNegativeSteps" name="Search_Positive_Products" time="3.379"/>
  <testcase classname="com.juaracoding.Tokopedia_Selenium.impl.SearchProductNegativeSteps" name="Search_Positive_Products" time="3.458"/>
  <testcase classname="com.juaracoding.Tokopedia_Selenium.impl.SearchProductNegativeSteps" name="Search_Positive_Products" time="3.446"/>
  <testcase classname="com.juaracoding.Tokopedia_Selenium.impl.SearchProductNegativeSteps" name="Search_Positive_Products" time="3.44"/>
  <testcase classname="com.juaracoding.Tokopedia_Selenium.impl.SearchProductPositiveSteps" name="Search_Positive_Products" time="3.408"/>
  <testcase classname="com.juaracoding.Tokopedia_Selenium.impl.SearchProductPositiveSteps" name="Search_Positive_Products" time="3.443"/>
  <testcase classname="com.juaracoding.Tokopedia_Selenium.impl.SearchProductPositiveSteps" name="Search_Positive_Products" time="3.422"/>
</testsuite> <!-- Test-Results-Demo -->
